2024-06-17T19:00:43.688-05:00  INFO 2188 --- [appProductos] [restartedMain] c.u.a.AppProductosApplication            : Starting AppProductosApplication using Java 21.0.2 with PID 2188 (C:\Users\DELL\Desktop\OSS\2024-1-B\Proyectos\appProductos\target\classes started by DELL in C:\Users\DELL\Desktop\OSS\2024-1-B\Proyectos\appProductos)
2024-06-17T19:00:43.692-05:00  INFO 2188 --- [appProductos] [restartedMain] c.u.a.AppProductosApplication            : No active profile set, falling back to 1 default profile: "default"
2024-06-17T19:00:43.766-05:00  INFO 2188 --- [appProductos] [restartedMain] .e.DevToolsPropertyDefaultsPostProcessor : Devtools property defaults active! Set 'spring.devtools.add-properties' to 'false' to disable
2024-06-17T19:00:43.767-05:00  INFO 2188 --- [appProductos] [restartedMain] .e.DevToolsPropertyDefaultsPostProcessor : For additional web related logging consider setting the 'logging.level.web' property to 'DEBUG'
2024-06-17T19:00:45.173-05:00  INFO 2188 --- [appProductos] [restartedMain] .s.d.r.c.RepositoryConfigurationDelegate : Bootstrapping Spring Data JPA repositories in DEFAULT mode.
2024-06-17T19:00:45.255-05:00  INFO 2188 --- [appProductos] [restartedMain] .s.d.r.c.RepositoryConfigurationDelegate : Finished Spring Data repository scanning in 71 ms. Found 1 JPA repository interface.
2024-06-17T19:00:46.132-05:00  INFO 2188 --- [appProductos] [restartedMain] o.s.b.w.embedded.tomcat.TomcatWebServer  : Tomcat initialized with port 8080 (http)
2024-06-17T19:00:46.155-05:00  INFO 2188 --- [appProductos] [restartedMain] o.apache.catalina.core.StandardService   : Starting service [Tomcat]
2024-06-17T19:00:46.155-05:00  INFO 2188 --- [appProductos] [restartedMain] o.apache.catalina.core.StandardEngine    : Starting Servlet engine: [Apache Tomcat/10.1.20]
2024-06-17T19:00:46.246-05:00  INFO 2188 --- [appProductos] [restartedMain] o.a.c.c.C.[Tomcat].[localhost].[/]       : Initializing Spring embedded WebApplicationContext
2024-06-17T19:00:46.247-05:00  INFO 2188 --- [appProductos] [restartedMain] w.s.c.ServletWebServerApplicationContext : Root WebApplicationContext: initialization completed in 2479 ms
2024-06-17T19:00:46.632-05:00  INFO 2188 --- [appProductos] [restartedMain] o.hibernate.jpa.internal.util.LogHelper  : HHH000204: Processing PersistenceUnitInfo [name: default]
2024-06-17T19:00:46.916-05:00  INFO 2188 --- [appProductos] [restartedMain] org.hibernate.Version                    : HHH000412: Hibernate ORM core version 6.4.4.Final
2024-06-17T19:00:47.122-05:00  INFO 2188 --- [appProductos] [restartedMain] o.h.c.internal.RegionFactoryInitiator    : HHH000026: Second-level cache disabled
2024-06-17T19:00:47.982-05:00  INFO 2188 --- [appProductos] [restartedMain] o.s.o.j.p.SpringPersistenceUnitInfo      : No LoadTimeWeaver setup: ignoring JPA class transformer
2024-06-17T19:00:48.060-05:00  INFO 2188 --- [appProductos] [restartedMain] com.zaxxer.hikari.HikariDataSource       : HikariPool-1 - Starting...
2024-06-17T19:00:48.530-05:00  INFO 2188 --- [appProductos] [restartedMain] com.zaxxer.hikari.pool.HikariPool        : HikariPool-1 - Added connection org.postgresql.jdbc.PgConnection@58c976f6
2024-06-17T19:00:48.534-05:00  INFO 2188 --- [appProductos] [restartedMain] com.zaxxer.hikari.HikariDataSource       : HikariPool-1 - Start completed.
2024-06-17T19:00:48.643-05:00  WARN 2188 --- [appProductos] [restartedMain] org.hibernate.orm.deprecation            : HHH90000025: PostgreSQLDialect does not need to be specified explicitly using 'hibernate.dialect' (remove the property setting and it will be selected by default)
2024-06-17T19:00:51.506-05:00  INFO 2188 --- [appProductos] [restartedMain] o.h.e.t.j.p.i.JtaPlatformInitiator       : HHH000489: No JTA platform available (set 'hibernate.transaction.jta.platform' to enable JTA platform integration)
2024-06-17T19:00:51.594-05:00  INFO 2188 --- [appProductos] [restartedMain] j.LocalContainerEntityManagerFactoryBean : Initialized JPA EntityManagerFactory for persistence unit 'default'
2024-06-17T19:00:51.991-05:00  INFO 2188 --- [appProductos] [restartedMain] o.s.d.j.r.query.QueryEnhancerFactory     : Hibernate is in classpath; If applicable, HQL parser will be used.
2024-06-17T19:00:52.727-05:00  WARN 2188 --- [appProductos] [restartedMain] JpaBaseConfiguration$JpaWebConfiguration : spring.jpa.open-in-view is enabled by default. Therefore, database queries may be performed during view rendering. Explicitly configure spring.jpa.open-in-view to disable this warning
2024-06-17T19:00:53.268-05:00  INFO 2188 --- [appProductos] [restartedMain] o.s.b.d.a.OptionalLiveReloadServer       : LiveReload server is running on port 35729
2024-06-17T19:00:53.316-05:00  INFO 2188 --- [appProductos] [restartedMain] o.s.b.w.embedded.tomcat.TomcatWebServer  : Tomcat started on port 8080 (http) with context path ''
2024-06-17T19:00:53.327-05:00  INFO 2188 --- [appProductos] [restartedMain] c.u.a.AppProductosApplication            : Started AppProductosApplication in 10.697 seconds (process running for 13.559)
2024-06-17T19:00:57.025-05:00  INFO 2188 --- [appProductos] [http-nio-8080-exec-1] o.a.c.c.C.[Tomcat].[localhost].[/]       : Initializing Spring DispatcherServlet 'dispatcherServlet'
2024-06-17T19:00:57.026-05:00  INFO 2188 --- [appProductos] [http-nio-8080-exec-1] o.s.web.servlet.DispatcherServlet        : Initializing Servlet 'dispatcherServlet'
2024-06-17T19:00:57.028-05:00  INFO 2188 --- [appProductos] [http-nio-8080-exec-1] o.s.web.servlet.DispatcherServlet        : Completed initialization in 2 ms
2024-06-17T19:13:04.301-05:00  INFO 2188 --- [appProductos] [SpringApplicationShutdownHook] j.LocalContainerEntityManagerFactoryBean : Closing JPA EntityManagerFactory for persistence unit 'default'
2024-06-17T19:13:04.308-05:00  INFO 2188 --- [appProductos] [SpringApplicationShutdownHook] com.zaxxer.hikari.HikariDataSource       : HikariPool-1 - Shutdown initiated...
2024-06-17T19:13:04.320-05:00  INFO 2188 --- [appProductos] [SpringApplicationShutdownHook] com.zaxxer.hikari.HikariDataSource       : HikariPool-1 - Shutdown completed.
